c:\r&d\visual sos\native\soswrapper\x64\debug\soswrapper.pch
c:\r&d\visual sos\native\soswrapper\x64\debug\vc141.pdb
c:\r&d\visual sos\native\soswrapper\x64\debug\vc141.idb
c:\r&d\visual sos\native\soswrapper\x64\debug\stdafx.obj
c:\r&d\visual sos\native\soswrapper\x64\debug\outputcallbacks.obj
c:\r&d\visual sos\native\soswrapper\x64\debug\soswrapper.obj
c:\r&d\visual sos\native\soswrapper\x64\debug\eventcallback.obj
c:\r&d\visual sos\native\soswrapper\x64\debug\dllmain.obj
c:\r&d\visual sos\native\soswrapper\x64\debug\configreader.obj
c:\r&d\visual sos\x64\debug\soswrapper.ilk
c:\r&d\visual sos\x64\debug\soswrapper.dll
c:\r&d\visual sos\x64\debug\soswrapper.pdb
c:\r&d\visual sos\x64\debug\soswrapper.lib
c:\r&d\visual sos\x64\debug\soswrapper.exp
c:\r&d\visual sos\native\soswrapper\x64\debug\msxml6.tli
c:\r&d\visual sos\native\soswrapper\x64\debug\msxml6.tlh
c:\r&d\visual sos\native\soswrapper\x64\debug\soswrapper.tlog\cl.command.1.tlog
c:\r&d\visual sos\native\soswrapper\x64\debug\soswrapper.tlog\cl.read.1.tlog
c:\r&d\visual sos\native\soswrapper\x64\debug\soswrapper.tlog\cl.write.1.tlog
c:\r&d\visual sos\native\soswrapper\x64\debug\soswrapper.tlog\link.command.1.tlog
c:\r&d\visual sos\native\soswrapper\x64\debug\soswrapper.tlog\link.read.1.tlog
c:\r&d\visual sos\native\soswrapper\x64\debug\soswrapper.tlog\link.write.1.tlog
c:\r&d\visual sos\native\soswrapper\x64\debug\soswrapper.tlog\soswrapper.write.1u.tlog
